TN:
SF:/Users/okunishitaka/projects/ape-testing/ci/test.js
FN:12,(anonymous_1)
FN:15,(anonymous_2)
FNF:2
FNH:2
FNDA:1,(anonymous_1)
FNDA:1,(anonymous_2)
DA:3,1
DA:7,1
DA:9,1
DA:11,1
DA:13,1
DA:16,1
DA:17,0
LF:7
LH:6
BRDA:16,1,0,0
BRDA:16,1,1,1
BRF:2
BRH:1
end_of_record
TN:
SF:/Users/okunishitaka/projects/ape-testing/lib/index.js
FN:9,(anonymous_1)
FNF:1
FNH:1
FNDA:1,(anonymous_1)
DA:8,1
DA:9,1
LF:2
LH:2
BRF:0
BRH:0
end_of_record
TN:
SF:/Users/okunishitaka/projects/ape-testing/lib/run_nodeunit.js
FN:19,runNodeunit
FN:27,(anonymous_2)
FN:30,(anonymous_3)
FNF:3
FNH:3
FNDA:2,runNodeunit
FNDA:2,(anonymous_2)
FNDA:2,(anonymous_3)
DA:13,1
DA:19,1
DA:20,2
DA:21,2
DA:22,2
DA:23,2
DA:25,2
DA:26,2
DA:28,2
DA:31,2
DA:33,2
DA:39,1
LF:12
LH:12
BRDA:21,1,0,2
BRDA:21,1,1,0
BRDA:23,2,0,2
BRDA:23,2,1,1
BRDA:25,3,0,2
BRDA:25,3,1,1
BRF:6
BRH:5
end_of_record
TN:
SF:/Users/okunishitaka/projects/ape-testing/docs/mockups/mock-nodeunit-test-01.js
FN:3,(anonymous_1)
FNF:1
FNH:1
FNDA:1,(anonymous_1)
DA:3,1
DA:4,1
DA:5,1
LF:3
LH:3
BRF:0
BRH:0
end_of_record
